<?xml version="1.0" encoding="UTF-8"?>
<testng-results ignored="0" total="18" passed="16" failed="2" skipped="0">
  <reporter-output>
  </reporter-output>
  <suite started-at="2024-06-01T14:36:36 IST" name="Suite" finished-at="2024-06-01T14:37:14 IST" duration-ms="38631">
    <groups>
    </groups>
    <test started-at="2024-06-01T14:36:36 IST" name="RestAssuredXML" finished-at="2024-06-01T14:37:14 IST" duration-ms="38631">
      <class name="api.testcases.UserTestDD">
        <test-method signature="testCreateUser(java.lang.String,java.lang.String,java.lang.String,java.lang.String,java.lang.String,java.lang.String,java.lang.String)[pri:1, instance:api.testcases.UserTestDD@30ee2816]" started-at="2024-06-01T14:36:40 IST" name="testCreateUser" data-provider="AllData" finished-at="2024-06-01T14:36:46 IST" duration-ms="5064" status="PASS">
          <params>
            <param index="0">
              <value>
                <![CDATA[1]]>
              </value>
            </param>
            <param index="1">
              <value>
                <![CDATA[ct]]>
              </value>
            </param>
            <param index="2">
              <value>
                <![CDATA[Carina]]>
              </value>
            </param>
            <param index="3">
              <value>
                <![CDATA[Torp]]>
              </value>
            </param>
            <param index="4">
              <value>
                <![CDATA[test1@yopmail.com]]>
              </value>
            </param>
            <param index="5">
              <value>
                <![CDATA[4325678345]]>
              </value>
            </param>
            <param index="6">
              <value>
                <![CDATA[Test@123]]>
              </value>
            </param>
          </params>
          <reporter-output>
          </reporter-output>
        </test-method> <!-- testCreateUser -->
        <test-method signature="testCreateUser(java.lang.String,java.lang.String,java.lang.String,java.lang.String,java.lang.String,java.lang.String,java.lang.String)[pri:1, instance:api.testcases.UserTestDD@30ee2816]" started-at="2024-06-01T14:36:46 IST" name="testCreateUser" data-provider="AllData" finished-at="2024-06-01T14:36:48 IST" duration-ms="2148" status="PASS">
          <params>
            <param index="0">
              <value>
                <![CDATA[2]]>
              </value>
            </param>
            <param index="1">
              <value>
                <![CDATA[jh]]>
              </value>
            </param>
            <param index="2">
              <value>
                <![CDATA[Jeppe]]>
              </value>
            </param>
            <param index="3">
              <value>
                <![CDATA[Hertz]]>
              </value>
            </param>
            <param index="4">
              <value>
                <![CDATA[test2@yopmail.com]]>
              </value>
            </param>
            <param index="5">
              <value>
                <![CDATA[4325678346]]>
              </value>
            </param>
            <param index="6">
              <value>
                <![CDATA[Test@124]]>
              </value>
            </param>
          </params>
          <reporter-output>
          </reporter-output>
        </test-method> <!-- testCreateUser -->
        <test-method signature="testCreateUser(java.lang.String,java.lang.String,java.lang.String,java.lang.String,java.lang.String,java.lang.String,java.lang.String)[pri:1, instance:api.testcases.UserTestDD@30ee2816]" started-at="2024-06-01T14:36:48 IST" name="testCreateUser" data-provider="AllData" finished-at="2024-06-01T14:36:49 IST" duration-ms="1657" status="PASS">
          <params>
            <param index="0">
              <value>
                <![CDATA[3]]>
              </value>
            </param>
            <param index="1">
              <value>
                <![CDATA[Vs]]>
              </value>
            </param>
            <param index="2">
              <value>
                <![CDATA[Vang]]>
              </value>
            </param>
            <param index="3">
              <value>
                <![CDATA[SkÃ¸tt]]>
              </value>
            </param>
            <param index="4">
              <value>
                <![CDATA[test3@yopmail.com]]>
              </value>
            </param>
            <param index="5">
              <value>
                <![CDATA[4325678347]]>
              </value>
            </param>
            <param index="6">
              <value>
                <![CDATA[Test@125]]>
              </value>
            </param>
          </params>
          <reporter-output>
          </reporter-output>
        </test-method> <!-- testCreateUser -->
        <test-method signature="testCreateUser(java.lang.String,java.lang.String,java.lang.String,java.lang.String,java.lang.String,java.lang.String,java.lang.String)[pri:1, instance:api.testcases.UserTestDD@30ee2816]" started-at="2024-06-01T14:36:49 IST" name="testCreateUser" data-provider="AllData" finished-at="2024-06-01T14:36:51 IST" duration-ms="1614" status="PASS">
          <params>
            <param index="0">
              <value>
                <![CDATA[4]]>
              </value>
            </param>
            <param index="1">
              <value>
                <![CDATA[Cf]]>
              </value>
            </param>
            <param index="2">
              <value>
                <![CDATA[Christen]]>
              </value>
            </param>
            <param index="3">
              <value>
                <![CDATA[Friis]]>
              </value>
            </param>
            <param index="4">
              <value>
                <![CDATA[test4@yopmail.com]]>
              </value>
            </param>
            <param index="5">
              <value>
                <![CDATA[4325678348]]>
              </value>
            </param>
            <param index="6">
              <value>
                <![CDATA[Test@126]]>
              </value>
            </param>
          </params>
          <reporter-output>
          </reporter-output>
        </test-method> <!-- testCreateUser -->
        <test-method signature="testCreateUser(java.lang.String,java.lang.String,java.lang.String,java.lang.String,java.lang.String,java.lang.String,java.lang.String)[pri:1, instance:api.testcases.UserTestDD@30ee2816]" started-at="2024-06-01T14:36:51 IST" name="testCreateUser" data-provider="AllData" finished-at="2024-06-01T14:36:53 IST" duration-ms="1742" status="PASS">
          <params>
            <param index="0">
              <value>
                <![CDATA[5]]>
              </value>
            </param>
            <param index="1">
              <value>
                <![CDATA[St]]>
              </value>
            </param>
            <param index="2">
              <value>
                <![CDATA[Stig]]>
              </value>
            </param>
            <param index="3">
              <value>
                <![CDATA[Thomsen]]>
              </value>
            </param>
            <param index="4">
              <value>
                <![CDATA[test5@yopmail.com]]>
              </value>
            </param>
            <param index="5">
              <value>
                <![CDATA[4325678349]]>
              </value>
            </param>
            <param index="6">
              <value>
                <![CDATA[Test@127]]>
              </value>
            </param>
          </params>
          <reporter-output>
          </reporter-output>
        </test-method> <!-- testCreateUser -->
        <test-method signature="testCreateUser(java.lang.String,java.lang.String,java.lang.String,java.lang.String,java.lang.String,java.lang.String,java.lang.String)[pri:1, instance:api.testcases.UserTestDD@30ee2816]" started-at="2024-06-01T14:36:53 IST" name="testCreateUser" data-provider="AllData" finished-at="2024-06-01T14:36:54 IST" duration-ms="1622" status="PASS">
          <params>
            <param index="0">
              <value>
                <![CDATA[6]]>
              </value>
            </param>
            <param index="1">
              <value>
                <![CDATA[Kb]]>
              </value>
            </param>
            <param index="2">
              <value>
                <![CDATA[Kate]]>
              </value>
            </param>
            <param index="3">
              <value>
                <![CDATA[Boisen]]>
              </value>
            </param>
            <param index="4">
              <value>
                <![CDATA[test6@yopmail.com]]>
              </value>
            </param>
            <param index="5">
              <value>
                <![CDATA[4325678350]]>
              </value>
            </param>
            <param index="6">
              <value>
                <![CDATA[Test@128]]>
              </value>
            </param>
          </params>
          <reporter-output>
          </reporter-output>
        </test-method> <!-- testCreateUser -->
        <test-method signature="testGetUserData(java.lang.String)[pri:2, instance:api.testcases.UserTestDD@30ee2816]" started-at="2024-06-01T14:36:55 IST" name="testGetUserData" data-provider="UserNamesData" finished-at="2024-06-01T14:36:56 IST" duration-ms="1676" status="FAIL">
          <params>
            <param index="0">
              <value>
                <![CDATA[ct]]>
              </value>
            </param>
          </params>
          <exception class="java.lang.AssertionError">
            <message>
              <![CDATA[expected [200] but found [404]]]>
            </message>
            <full-stacktrace>
              <![CDATA[java.lang.AssertionError: expected [200] but found [404]
at org.testng.Assert.fail(Assert.java:110)
at org.testng.Assert.failNotEquals(Assert.java:1577)
at org.testng.Assert.assertEqualsImpl(Assert.java:149)
at org.testng.Assert.assertEquals(Assert.java:131)
at org.testng.Assert.assertEquals(Assert.java:1418)
at org.testng.Assert.assertEquals(Assert.java:1382)
at org.testng.Assert.assertEquals(Assert.java:1428)
at api.testcases.UserTestDD.testGetUserData(UserTestDD.java:50)
at java.base/jdk.internal.reflect.DirectMethodHandleAccessor.invoke(DirectMethodHandleAccessor.java:104)
at java.base/java.lang.reflect.Method.invoke(Method.java:578)
at org.testng.internal.invokers.MethodInvocationHelper.invokeMethod(MethodInvocationHelper.java:139)
at org.testng.internal.invokers.TestInvoker.invokeMethod(TestInvoker.java:677)
at org.testng.internal.invokers.TestInvoker.invokeTestMethod(TestInvoker.java:221)
at org.testng.internal.invokers.MethodRunner.runInSequence(MethodRunner.java:50)
at org.testng.internal.invokers.TestInvoker$MethodInvocationAgent.invoke(TestInvoker.java:969)
at org.testng.internal.invokers.TestInvoker.invokeTestMethods(TestInvoker.java:194)
at org.testng.internal.invokers.TestMethodWorker.invokeTestMethods(TestMethodWorker.java:148)
at org.testng.internal.invokers.TestMethodWorker.run(TestMethodWorker.java:128)
at java.base/java.util.ArrayList.forEach(ArrayList.java:1511)
at org.testng.TestRunner.privateRun(TestRunner.java:829)
at org.testng.TestRunner.run(TestRunner.java:602)
at org.testng.SuiteRunner.runTest(SuiteRunner.java:437)
at org.testng.SuiteRunner.runSequentially(SuiteRunner.java:431)
at org.testng.SuiteRunner.privateRun(SuiteRunner.java:391)
at org.testng.SuiteRunner.run(SuiteRunner.java:330)
at org.testng.SuiteRunnerWorker.runSuite(SuiteRunnerWorker.java:52)
at org.testng.SuiteRunnerWorker.run(SuiteRunnerWorker.java:95)
at org.testng.TestNG.runSuitesSequentially(TestNG.java:1256)
at org.testng.TestNG.runSuitesLocally(TestNG.java:1176)
at org.testng.TestNG.runSuites(TestNG.java:1099)
at org.testng.TestNG.run(TestNG.java:1067)
at org.apache.maven.surefire.testng.TestNGExecutor.run(TestNGExecutor.java:324)
at org.apache.maven.surefire.testng.TestNGXmlTestSuite.execute(TestNGXmlTestSuite.java:74)
at org.apache.maven.surefire.testng.TestNGProvider.invoke(TestNGProvider.java:123)
at org.apache.maven.surefire.booter.ForkedBooter.runSuitesInProcess(ForkedBooter.java:456)
at org.apache.maven.surefire.booter.ForkedBooter.execute(ForkedBooter.java:169)
at org.apache.maven.surefire.booter.ForkedBooter.run(ForkedBooter.java:595)
at org.apache.maven.surefire.booter.ForkedBooter.main(ForkedBooter.java:581)
]]>
            </full-stacktrace>
          </exception> <!-- java.lang.AssertionError -->
          <reporter-output>
          </reporter-output>
        </test-method> <!-- testGetUserData -->
        <test-method signature="testGetUserData(java.lang.String)[pri:2, instance:api.testcases.UserTestDD@30ee2816]" started-at="2024-06-01T14:36:56 IST" name="testGetUserData" data-provider="UserNamesData" finished-at="2024-06-01T14:36:58 IST" duration-ms="1611" status="PASS">
          <params>
            <param index="0">
              <value>
                <![CDATA[jh]]>
              </value>
            </param>
          </params>
          <reporter-output>
          </reporter-output>
        </test-method> <!-- testGetUserData -->
        <test-method signature="testGetUserData(java.lang.String)[pri:2, instance:api.testcases.UserTestDD@30ee2816]" started-at="2024-06-01T14:36:58 IST" name="testGetUserData" data-provider="UserNamesData" finished-at="2024-06-01T14:37:00 IST" duration-ms="1582" status="PASS">
          <params>
            <param index="0">
              <value>
                <![CDATA[Vs]]>
              </value>
            </param>
          </params>
          <reporter-output>
          </reporter-output>
        </test-method> <!-- testGetUserData -->
        <test-method signature="testGetUserData(java.lang.String)[pri:2, instance:api.testcases.UserTestDD@30ee2816]" started-at="2024-06-01T14:37:00 IST" name="testGetUserData" data-provider="UserNamesData" finished-at="2024-06-01T14:37:01 IST" duration-ms="1655" status="PASS">
          <params>
            <param index="0">
              <value>
                <![CDATA[Cf]]>
              </value>
            </param>
          </params>
          <reporter-output>
          </reporter-output>
        </test-method> <!-- testGetUserData -->
        <test-method signature="testGetUserData(java.lang.String)[pri:2, instance:api.testcases.UserTestDD@30ee2816]" started-at="2024-06-01T14:37:01 IST" name="testGetUserData" data-provider="UserNamesData" finished-at="2024-06-01T14:37:03 IST" duration-ms="1595" status="PASS">
          <params>
            <param index="0">
              <value>
                <![CDATA[St]]>
              </value>
            </param>
          </params>
          <reporter-output>
          </reporter-output>
        </test-method> <!-- testGetUserData -->
        <test-method signature="testGetUserData(java.lang.String)[pri:2, instance:api.testcases.UserTestDD@30ee2816]" started-at="2024-06-01T14:37:03 IST" name="testGetUserData" data-provider="UserNamesData" finished-at="2024-06-01T14:37:05 IST" duration-ms="1752" status="PASS">
          <params>
            <param index="0">
              <value>
                <![CDATA[Kb]]>
              </value>
            </param>
          </params>
          <reporter-output>
          </reporter-output>
        </test-method> <!-- testGetUserData -->
        <test-method signature="TestDeleteData(java.lang.String)[pri:3, instance:api.testcases.UserTestDD@30ee2816]" started-at="2024-06-01T14:37:05 IST" name="TestDeleteData" data-provider="UserNamesData" finished-at="2024-06-01T14:37:06 IST" duration-ms="1709" status="FAIL">
          <params>
            <param index="0">
              <value>
                <![CDATA[ct]]>
              </value>
            </param>
          </params>
          <exception class="java.lang.AssertionError">
            <message>
              <![CDATA[expected [200] but found [404]]]>
            </message>
            <full-stacktrace>
              <![CDATA[java.lang.AssertionError: expected [200] but found [404]
at org.testng.Assert.fail(Assert.java:110)
at org.testng.Assert.failNotEquals(Assert.java:1577)
at org.testng.Assert.assertEqualsImpl(Assert.java:149)
at org.testng.Assert.assertEquals(Assert.java:131)
at org.testng.Assert.assertEquals(Assert.java:1418)
at org.testng.Assert.assertEquals(Assert.java:1382)
at org.testng.Assert.assertEquals(Assert.java:1428)
at api.testcases.UserTestDD.TestDeleteData(UserTestDD.java:69)
at java.base/jdk.internal.reflect.DirectMethodHandleAccessor.invoke(DirectMethodHandleAccessor.java:104)
at java.base/java.lang.reflect.Method.invoke(Method.java:578)
at org.testng.internal.invokers.MethodInvocationHelper.invokeMethod(MethodInvocationHelper.java:139)
at org.testng.internal.invokers.TestInvoker.invokeMethod(TestInvoker.java:677)
at org.testng.internal.invokers.TestInvoker.invokeTestMethod(TestInvoker.java:221)
at org.testng.internal.invokers.MethodRunner.runInSequence(MethodRunner.java:50)
at org.testng.internal.invokers.TestInvoker$MethodInvocationAgent.invoke(TestInvoker.java:969)
at org.testng.internal.invokers.TestInvoker.invokeTestMethods(TestInvoker.java:194)
at org.testng.internal.invokers.TestMethodWorker.invokeTestMethods(TestMethodWorker.java:148)
at org.testng.internal.invokers.TestMethodWorker.run(TestMethodWorker.java:128)
at java.base/java.util.ArrayList.forEach(ArrayList.java:1511)
at org.testng.TestRunner.privateRun(TestRunner.java:829)
at org.testng.TestRunner.run(TestRunner.java:602)
at org.testng.SuiteRunner.runTest(SuiteRunner.java:437)
at org.testng.SuiteRunner.runSequentially(SuiteRunner.java:431)
at org.testng.SuiteRunner.privateRun(SuiteRunner.java:391)
at org.testng.SuiteRunner.run(SuiteRunner.java:330)
at org.testng.SuiteRunnerWorker.runSuite(SuiteRunnerWorker.java:52)
at org.testng.SuiteRunnerWorker.run(SuiteRunnerWorker.java:95)
at org.testng.TestNG.runSuitesSequentially(TestNG.java:1256)
at org.testng.TestNG.runSuitesLocally(TestNG.java:1176)
at org.testng.TestNG.runSuites(TestNG.java:1099)
at org.testng.TestNG.run(TestNG.java:1067)
at org.apache.maven.surefire.testng.TestNGExecutor.run(TestNGExecutor.java:324)
at org.apache.maven.surefire.testng.TestNGXmlTestSuite.execute(TestNGXmlTestSuite.java:74)
at org.apache.maven.surefire.testng.TestNGProvider.invoke(TestNGProvider.java:123)
at org.apache.maven.surefire.booter.ForkedBooter.runSuitesInProcess(ForkedBooter.java:456)
at org.apache.maven.surefire.booter.ForkedBooter.execute(ForkedBooter.java:169)
at org.apache.maven.surefire.booter.ForkedBooter.run(ForkedBooter.java:595)
at org.apache.maven.surefire.booter.ForkedBooter.main(ForkedBooter.java:581)
]]>
            </full-stacktrace>
          </exception> <!-- java.lang.AssertionError -->
          <reporter-output>
          </reporter-output>
        </test-method> <!-- TestDeleteData -->
        <test-method signature="TestDeleteData(java.lang.String)[pri:3, instance:api.testcases.UserTestDD@30ee2816]" started-at="2024-06-01T14:37:06 IST" name="TestDeleteData" data-provider="UserNamesData" finished-at="2024-06-01T14:37:08 IST" duration-ms="1593" status="PASS">
          <params>
            <param index="0">
              <value>
                <![CDATA[jh]]>
              </value>
            </param>
          </params>
          <reporter-output>
          </reporter-output>
        </test-method> <!-- TestDeleteData -->
        <test-method signature="TestDeleteData(java.lang.String)[pri:3, instance:api.testcases.UserTestDD@30ee2816]" started-at="2024-06-01T14:37:08 IST" name="TestDeleteData" data-provider="UserNamesData" finished-at="2024-06-01T14:37:10 IST" duration-ms="1541" status="PASS">
          <params>
            <param index="0">
              <value>
                <![CDATA[Vs]]>
              </value>
            </param>
          </params>
          <reporter-output>
          </reporter-output>
        </test-method> <!-- TestDeleteData -->
        <test-method signature="TestDeleteData(java.lang.String)[pri:3, instance:api.testcases.UserTestDD@30ee2816]" started-at="2024-06-01T14:37:10 IST" name="TestDeleteData" data-provider="UserNamesData" finished-at="2024-06-01T14:37:11 IST" duration-ms="1596" status="PASS">
          <params>
            <param index="0">
              <value>
                <![CDATA[Cf]]>
              </value>
            </param>
          </params>
          <reporter-output>
          </reporter-output>
        </test-method> <!-- TestDeleteData -->
        <test-method signature="TestDeleteData(java.lang.String)[pri:3, instance:api.testcases.UserTestDD@30ee2816]" started-at="2024-06-01T14:37:11 IST" name="TestDeleteData" data-provider="UserNamesData" finished-at="2024-06-01T14:37:13 IST" duration-ms="1614" status="PASS">
          <params>
            <param index="0">
              <value>
                <![CDATA[St]]>
              </value>
            </param>
          </params>
          <reporter-output>
          </reporter-output>
        </test-method> <!-- TestDeleteData -->
        <test-method signature="TestDeleteData(java.lang.String)[pri:3, instance:api.testcases.UserTestDD@30ee2816]" started-at="2024-06-01T14:37:13 IST" name="TestDeleteData" data-provider="UserNamesData" finished-at="2024-06-01T14:37:14 IST" duration-ms="1528" status="PASS">
          <params>
            <param index="0">
              <value>
                <![CDATA[Kb]]>
              </value>
            </param>
          </params>
          <reporter-output>
          </reporter-output>
        </test-method> <!-- TestDeleteData -->
      </class> <!-- api.testcases.UserTestDD -->
    </test> <!-- RestAssuredXML -->
  </suite> <!-- Suite -->
</testng-results>
